<?xml version="1.0" encoding="UTF-8"?>
<testng-results skipped="0" failed="0" ignored="0" total="4" passed="4">
  <reporter-output>
  </reporter-output>
  <suite name="SeleniumProj.AppTest" duration-ms="56728" started-at="2018-03-07T06:49:02Z" finished-at="2018-03-07T06:49:59Z">
    <groups>
    </groups>
    <test name="Command line test" duration-ms="56728" started-at="2018-03-07T06:49:02Z" finished-at="2018-03-07T06:49:59Z">
      <class name="SeleniumProj.AppTest">
        <test-method status="PASS" signature="launchInChromeTest()[pri:0, instance:SeleniumProj.AppTest@3ac3fd8b]" name="launchInChromeTest" duration-ms="12713" started-at="2018-03-07T01:49:02Z" finished-at="2018-03-07T01:49:15Z">
          <reporter-output>
          </reporter-output>
        </test-method> <!-- launchInChromeTest -->
        <test-method status="PASS" signature="launchInEdgeTest()[pri:0, instance:SeleniumProj.AppTest@3ac3fd8b]" name="launchInEdgeTest" duration-ms="6363" started-at="2018-03-07T01:49:15Z" finished-at="2018-03-07T01:49:21Z">
          <reporter-output>
          </reporter-output>
        </test-method> <!-- launchInEdgeTest -->
        <test-method status="PASS" signature="launchInFirefoxTest()[pri:0, instance:SeleniumProj.AppTest@3ac3fd8b]" name="launchInFirefoxTest" duration-ms="26303" started-at="2018-03-07T01:49:21Z" finished-at="2018-03-07T01:49:47Z">
          <reporter-output>
          </reporter-output>
        </test-method> <!-- launchInFirefoxTest -->
        <test-method status="PASS" signature="launchInIETest()[pri:0, instance:SeleniumProj.AppTest@3ac3fd8b]" name="launchInIETest" duration-ms="11311" started-at="2018-03-07T01:49:47Z" finished-at="2018-03-07T01:49:59Z">
          <reporter-output>
          </reporter-output>
        </test-method> <!-- launchInIETest -->
      </class> <!-- SeleniumProj.AppTest -->
    </test> <!-- Command line test -->
  </suite> <!-- SeleniumProj.AppTest -->
</testng-results>
