<?xml version="1.0" encoding="UTF-8"?>
<!-- Generated by org.testng.reporters.JUnitXMLReporter -->
<testsuite hostname="DESKTOP-E1T2KAU" ignored="0" name="Default test" tests="8" failures="0" timestamp="07 Mar 2018 06:40:42 GMT" time="97.476" errors="0">
  <testcase name="launchInChrome" time="11.127" classname="alldrivers.basicDrivers"/>
  <testcase name="launchInEdge" time="6.815" classname="alldrivers.basicDrivers"/>
  <testcase name="launchInFirefox" time="20.93" classname="alldrivers.basicDrivers"/>
  <testcase name="launchInIE" time="15.645" classname="alldrivers.basicDrivers"/>
  <testcase name="launchInChromeTest" time="9.801" classname="SeleniumProj.AppTest"/>
  <testcase name="launchInEdgeTest" time="5.816" classname="SeleniumProj.AppTest"/>
  <testcase name="launchInFirefoxTest" time="21.134" classname="SeleniumProj.AppTest"/>
  <testcase name="launchInIETest" time="6.129" classname="SeleniumProj.AppTest"/>
</testsuite> <!-- Default test -->
