<?xml version="1.0" encoding="UTF-8"?>
<!-- Generated by org.testng.reporters.JUnitXMLReporter -->
<testsuite hostname="DESKTOP-E1T2KAU" ignored="0" name="Command line test" tests="4" failures="0" timestamp="07 Mar 2018 06:49:59 GMT" time="56.728" errors="0">
  <testcase name="launchInChromeTest" time="12.713" classname="SeleniumProj.AppTest"/>
  <testcase name="launchInEdgeTest" time="6.363" classname="SeleniumProj.AppTest"/>
  <testcase name="launchInFirefoxTest" time="26.303" classname="SeleniumProj.AppTest"/>
  <testcase name="launchInIETest" time="11.311" classname="SeleniumProj.AppTest"/>
</testsuite> <!-- Command line test -->
